<?xml version="1.0" encoding="UTF-8"?>
<!-- Generated by org.testng.reporters.JUnitReportReporter -->
<testsuite hostname="Gursandeep_Virk" failures="0" tests="1" name="com.sandeepkaur.pageTest.SearchPageTest" time="9.677" errors="0" timestamp="02 Feb. 2024 06:21:24 GMT" skipped="0">
  <testcase classname="com.sandeepkaur.pageTest.SearchPageTest" name="validateSearchTermIsWorkingOrNot" time="9.677"/>
</testsuite> <!-- com.sandeepkaur.pageTest.SearchPageTest -->
